ARM GAS  /tmp/cclUgfT0.s 			page 1


   1              		.syntax unified
   2              		.cpu cortex-m3
   3              		.fpu softvfp
   4              		.eabi_attribute 20, 1
   5              		.eabi_attribute 21, 1
   6              		.eabi_attribute 23, 3
   7              		.eabi_attribute 24, 1
   8              		.eabi_attribute 25, 1
   9              		.eabi_attribute 26, 1
  10              		.eabi_attribute 30, 1
  11              		.eabi_attribute 34, 1
  12              		.eabi_attribute 18, 4
  13              		.thumb
  14              		.file	"gpio.c"
  15              		.text
  16              	.Ltext0:
  17              		.cfi_sections	.debug_frame
  18              		.section	.text.MX_GPIO_Init,"ax",%progbits
  19              		.align	2
  20              		.global	MX_GPIO_Init
  21              		.thumb
  22              		.thumb_func
  24              	MX_GPIO_Init:
  25              	.LFB65:
  26              		.file 1 "Src/gpio.c"
   1:Src/gpio.c    **** /**
   2:Src/gpio.c    ****   ******************************************************************************
   3:Src/gpio.c    ****   * File Name          : gpio.c
   4:Src/gpio.c    ****   * Description        : This file provides code for the configuration
   5:Src/gpio.c    ****   *                      of all used GPIO pins.
   6:Src/gpio.c    ****   ******************************************************************************
   7:Src/gpio.c    ****   * @attention
   8:Src/gpio.c    ****   *
   9:Src/gpio.c    ****   * <h2><center>&copy; Copyright (c) 2020 STMicroelectronics.
  10:Src/gpio.c    ****   * All rights reserved.</center></h2>
  11:Src/gpio.c    ****   *
  12:Src/gpio.c    ****   * This software component is licensed by ST under BSD 3-Clause license,
  13:Src/gpio.c    ****   * the "License"; You may not use this file except in compliance with the
  14:Src/gpio.c    ****   * License. You may obtain a copy of the License at:
  15:Src/gpio.c    ****   *                        opensource.org/licenses/BSD-3-Clause
  16:Src/gpio.c    ****   *
  17:Src/gpio.c    ****   ******************************************************************************
  18:Src/gpio.c    ****   */
  19:Src/gpio.c    **** 
  20:Src/gpio.c    **** /* Includes ------------------------------------------------------------------*/
  21:Src/gpio.c    **** #include "gpio.h"
  22:Src/gpio.c    **** /* USER CODE BEGIN 0 */
  23:Src/gpio.c    **** 
  24:Src/gpio.c    **** /* USER CODE END 0 */
  25:Src/gpio.c    **** 
  26:Src/gpio.c    **** /*----------------------------------------------------------------------------*/
  27:Src/gpio.c    **** /* Configure GPIO                                                             */
  28:Src/gpio.c    **** /*----------------------------------------------------------------------------*/
  29:Src/gpio.c    **** /* USER CODE BEGIN 1 */
  30:Src/gpio.c    **** 
  31:Src/gpio.c    **** /* USER CODE END 1 */
  32:Src/gpio.c    **** 
ARM GAS  /tmp/cclUgfT0.s 			page 2


  33:Src/gpio.c    **** /** Configure pins as 
  34:Src/gpio.c    ****         * Analog 
  35:Src/gpio.c    ****         * Input 
  36:Src/gpio.c    ****         * Output
  37:Src/gpio.c    ****         * EVENT_OUT
  38:Src/gpio.c    ****         * EXTI
  39:Src/gpio.c    **** */
  40:Src/gpio.c    **** void MX_GPIO_Init(void)
  41:Src/gpio.c    **** {
  27              		.loc 1 41 0
  28              		.cfi_startproc
  29              		@ args = 0, pretend = 0, frame = 32
  30              		@ frame_needed = 0, uses_anonymous_args = 0
  31 0000 2DE9F043 		push	{r4, r5, r6, r7, r8, r9, lr}
  32              	.LCFI0:
  33              		.cfi_def_cfa_offset 28
  34              		.cfi_offset 4, -28
  35              		.cfi_offset 5, -24
  36              		.cfi_offset 6, -20
  37              		.cfi_offset 7, -16
  38              		.cfi_offset 8, -12
  39              		.cfi_offset 9, -8
  40              		.cfi_offset 14, -4
  41 0004 89B0     		sub	sp, sp, #36
  42              	.LCFI1:
  43              		.cfi_def_cfa_offset 64
  42:Src/gpio.c    **** 
  43:Src/gpio.c    ****   GPIO_InitTypeDef GPIO_InitStruct = {0};
  44              		.loc 1 43 0
  45 0006 0024     		movs	r4, #0
  46 0008 0494     		str	r4, [sp, #16]
  47 000a 0594     		str	r4, [sp, #20]
  48 000c 0694     		str	r4, [sp, #24]
  49 000e 0794     		str	r4, [sp, #28]
  50              	.LBB2:
  44:Src/gpio.c    **** 
  45:Src/gpio.c    ****   /* GPIO Ports Clock Enable */
  46:Src/gpio.c    ****   __HAL_RCC_GPIOC_CLK_ENABLE();
  51              		.loc 1 46 0
  52 0010 2F4B     		ldr	r3, .L3
  53 0012 9A69     		ldr	r2, [r3, #24]
  54 0014 42F01002 		orr	r2, r2, #16
  55 0018 9A61     		str	r2, [r3, #24]
  56 001a 9A69     		ldr	r2, [r3, #24]
  57 001c 02F01002 		and	r2, r2, #16
  58 0020 0092     		str	r2, [sp]
  59 0022 009A     		ldr	r2, [sp]
  60              	.LBE2:
  61              	.LBB3:
  47:Src/gpio.c    ****   __HAL_RCC_GPIOD_CLK_ENABLE();
  62              		.loc 1 47 0
  63 0024 9A69     		ldr	r2, [r3, #24]
  64 0026 42F02002 		orr	r2, r2, #32
  65 002a 9A61     		str	r2, [r3, #24]
  66 002c 9A69     		ldr	r2, [r3, #24]
  67 002e 02F02002 		and	r2, r2, #32
  68 0032 0192     		str	r2, [sp, #4]
ARM GAS  /tmp/cclUgfT0.s 			page 3


  69 0034 019A     		ldr	r2, [sp, #4]
  70              	.LBE3:
  71              	.LBB4:
  48:Src/gpio.c    ****   __HAL_RCC_GPIOA_CLK_ENABLE();
  72              		.loc 1 48 0
  73 0036 9A69     		ldr	r2, [r3, #24]
  74 0038 42F00402 		orr	r2, r2, #4
  75 003c 9A61     		str	r2, [r3, #24]
  76 003e 9A69     		ldr	r2, [r3, #24]
  77 0040 02F00402 		and	r2, r2, #4
  78 0044 0292     		str	r2, [sp, #8]
  79 0046 029A     		ldr	r2, [sp, #8]
  80              	.LBE4:
  81              	.LBB5:
  49:Src/gpio.c    ****   __HAL_RCC_GPIOB_CLK_ENABLE();
  82              		.loc 1 49 0
  83 0048 9A69     		ldr	r2, [r3, #24]
  84 004a 42F00802 		orr	r2, r2, #8
  85 004e 9A61     		str	r2, [r3, #24]
  86 0050 9B69     		ldr	r3, [r3, #24]
  87 0052 03F00803 		and	r3, r3, #8
  88 0056 0393     		str	r3, [sp, #12]
  89 0058 039B     		ldr	r3, [sp, #12]
  90              	.LBE5:
  50:Src/gpio.c    **** 
  51:Src/gpio.c    ****   /*Configure GPIO pin Output Level */
  52:Src/gpio.c    ****   HAL_GPIO_WritePin(LED_GPIO_Port, LED_Pin, GPIO_PIN_SET);
  91              		.loc 1 52 0
  92 005a DFF87C90 		ldr	r9, .L3+8
  93 005e 4846     		mov	r0, r9
  94 0060 4FF40051 		mov	r1, #8192
  95 0064 0122     		movs	r2, #1
  96 0066 FFF7FEFF 		bl	HAL_GPIO_WritePin
  97              	.LVL0:
  53:Src/gpio.c    **** 
  54:Src/gpio.c    ****   /*Configure GPIO pin Output Level */
  55:Src/gpio.c    ****   HAL_GPIO_WritePin(STBY_GPIO_Port, STBY_Pin, GPIO_PIN_SET);
  98              		.loc 1 55 0
  99 006a DFF87080 		ldr	r8, .L3+12
 100 006e 4046     		mov	r0, r8
 101 0070 0221     		movs	r1, #2
 102 0072 0122     		movs	r2, #1
 103 0074 FFF7FEFF 		bl	HAL_GPIO_WritePin
 104              	.LVL1:
  56:Src/gpio.c    **** 
  57:Src/gpio.c    ****   /*Configure GPIO pin Output Level */
  58:Src/gpio.c    ****   HAL_GPIO_WritePin(Motor1a_GPIO_Port, Motor1a_Pin, GPIO_PIN_SET);
 105              		.loc 1 58 0
 106 0078 164E     		ldr	r6, .L3+4
 107 007a 3046     		mov	r0, r6
 108 007c 1021     		movs	r1, #16
 109 007e 0122     		movs	r2, #1
 110 0080 FFF7FEFF 		bl	HAL_GPIO_WritePin
 111              	.LVL2:
  59:Src/gpio.c    **** 
  60:Src/gpio.c    ****   /*Configure GPIO pin Output Level */
  61:Src/gpio.c    ****   HAL_GPIO_WritePin(Motor1b_GPIO_Port, Motor1b_Pin, GPIO_PIN_RESET);
ARM GAS  /tmp/cclUgfT0.s 			page 4


 112              		.loc 1 61 0
 113 0084 3046     		mov	r0, r6
 114 0086 2021     		movs	r1, #32
 115 0088 2246     		mov	r2, r4
 116 008a FFF7FEFF 		bl	HAL_GPIO_WritePin
 117              	.LVL3:
  62:Src/gpio.c    **** 
  63:Src/gpio.c    ****   /*Configure GPIO pin : PtPin */
  64:Src/gpio.c    ****   GPIO_InitStruct.Pin = LED_Pin;
 118              		.loc 1 64 0
 119 008e 4FF40053 		mov	r3, #8192
 120 0092 0493     		str	r3, [sp, #16]
  65:Src/gpio.c    ****   GPIO_InitStruct.Mode = GPIO_MODE_OUTPUT_PP;
 121              		.loc 1 65 0
 122 0094 0127     		movs	r7, #1
 123 0096 0597     		str	r7, [sp, #20]
  66:Src/gpio.c    ****   GPIO_InitStruct.Pull = GPIO_NOPULL;
 124              		.loc 1 66 0
 125 0098 0694     		str	r4, [sp, #24]
  67:Src/gpio.c    ****   GPIO_InitStruct.Speed = GPIO_SPEED_FREQ_LOW;
 126              		.loc 1 67 0
 127 009a 0225     		movs	r5, #2
 128 009c 0795     		str	r5, [sp, #28]
  68:Src/gpio.c    ****   HAL_GPIO_Init(LED_GPIO_Port, &GPIO_InitStruct);
 129              		.loc 1 68 0
 130 009e 4846     		mov	r0, r9
 131 00a0 04A9     		add	r1, sp, #16
 132 00a2 FFF7FEFF 		bl	HAL_GPIO_Init
 133              	.LVL4:
  69:Src/gpio.c    **** 
  70:Src/gpio.c    ****   /*Configure GPIO pin : PtPin */
  71:Src/gpio.c    ****   GPIO_InitStruct.Pin = STBY_Pin;
 134              		.loc 1 71 0
 135 00a6 0495     		str	r5, [sp, #16]
  72:Src/gpio.c    ****   GPIO_InitStruct.Mode = GPIO_MODE_OUTPUT_PP;
 136              		.loc 1 72 0
 137 00a8 0597     		str	r7, [sp, #20]
  73:Src/gpio.c    ****   GPIO_InitStruct.Pull = GPIO_NOPULL;
 138              		.loc 1 73 0
 139 00aa 0694     		str	r4, [sp, #24]
  74:Src/gpio.c    ****   GPIO_InitStruct.Speed = GPIO_SPEED_FREQ_LOW;
 140              		.loc 1 74 0
 141 00ac 0795     		str	r5, [sp, #28]
  75:Src/gpio.c    ****   HAL_GPIO_Init(STBY_GPIO_Port, &GPIO_InitStruct);
 142              		.loc 1 75 0
 143 00ae 4046     		mov	r0, r8
 144 00b0 04A9     		add	r1, sp, #16
 145 00b2 FFF7FEFF 		bl	HAL_GPIO_Init
 146              	.LVL5:
  76:Src/gpio.c    **** 
  77:Src/gpio.c    ****   /*Configure GPIO pins : PBPin PBPin */
  78:Src/gpio.c    ****   GPIO_InitStruct.Pin = Motor1a_Pin|Motor1b_Pin;
 147              		.loc 1 78 0
 148 00b6 3023     		movs	r3, #48
 149 00b8 0493     		str	r3, [sp, #16]
  79:Src/gpio.c    ****   GPIO_InitStruct.Mode = GPIO_MODE_OUTPUT_PP;
 150              		.loc 1 79 0
ARM GAS  /tmp/cclUgfT0.s 			page 5


 151 00ba 0597     		str	r7, [sp, #20]
  80:Src/gpio.c    ****   GPIO_InitStruct.Pull = GPIO_NOPULL;
 152              		.loc 1 80 0
 153 00bc 0694     		str	r4, [sp, #24]
  81:Src/gpio.c    ****   GPIO_InitStruct.Speed = GPIO_SPEED_FREQ_LOW;
 154              		.loc 1 81 0
 155 00be 0795     		str	r5, [sp, #28]
  82:Src/gpio.c    ****   HAL_GPIO_Init(GPIOB, &GPIO_InitStruct);
 156              		.loc 1 82 0
 157 00c0 3046     		mov	r0, r6
 158 00c2 04A9     		add	r1, sp, #16
 159 00c4 FFF7FEFF 		bl	HAL_GPIO_Init
 160              	.LVL6:
  83:Src/gpio.c    **** 
  84:Src/gpio.c    **** }
 161              		.loc 1 84 0
 162 00c8 09B0     		add	sp, sp, #36
 163              	.LCFI2:
 164              		.cfi_def_cfa_offset 28
 165              		@ sp needed
 166 00ca BDE8F083 		pop	{r4, r5, r6, r7, r8, r9, pc}
 167              	.L4:
 168 00ce 00BF     		.align	2
 169              	.L3:
 170 00d0 00100240 		.word	1073876992
 171 00d4 000C0140 		.word	1073810432
 172 00d8 00100140 		.word	1073811456
 173 00dc 00080140 		.word	1073809408
 174              		.cfi_endproc
 175              	.LFE65:
 177              		.text
 178              	.Letext0:
 179              		.file 2 "/usr/include/newlib/machine/_default_types.h"
 180              		.file 3 "/usr/include/newlib/sys/_stdint.h"
 181              		.file 4 "Drivers/CMSIS/Device/ST/STM32F1xx/Include/stm32f103xb.h"
 182              		.file 5 "Drivers/STM32F1xx_HAL_Driver/Inc/stm32f1xx_hal_gpio.h"
 183              		.file 6 "Drivers/CMSIS/Include/core_cm3.h"
ARM GAS  /tmp/cclUgfT0.s 			page 6


DEFINED SYMBOLS
                            *ABS*:0000000000000000 gpio.c
     /tmp/cclUgfT0.s:19     .text.MX_GPIO_Init:0000000000000000 $t
     /tmp/cclUgfT0.s:24     .text.MX_GPIO_Init:0000000000000000 MX_GPIO_Init
     /tmp/cclUgfT0.s:170    .text.MX_GPIO_Init:00000000000000d0 $d
                     .debug_frame:0000000000000010 $d

UNDEFINED SYMBOLS
HAL_GPIO_WritePin
HAL_GPIO_Init
