ARM GAS  /tmp/ccCeru6d.s 			page 1


   1              		.syntax unified
   2              		.cpu cortex-m3
   3              		.fpu softvfp
   4              		.eabi_attribute 20, 1
   5              		.eabi_attribute 21, 1
   6              		.eabi_attribute 23, 3
   7              		.eabi_attribute 24, 1
   8              		.eabi_attribute 25, 1
   9              		.eabi_attribute 26, 1
  10              		.eabi_attribute 30, 1
  11              		.eabi_attribute 34, 1
  12              		.eabi_attribute 18, 4
  13              		.thumb
  14              		.file	"stm32f1xx_hal_msp.c"
  15              		.text
  16              	.Ltext0:
  17              		.cfi_sections	.debug_frame
  18              		.section	.text.HAL_MspInit,"ax",%progbits
  19              		.align	2
  20              		.global	HAL_MspInit
  21              		.thumb
  22              		.thumb_func
  24              	HAL_MspInit:
  25              	.LFB65:
  26              		.file 1 "Src/stm32f1xx_hal_msp.c"
   1:Src/stm32f1xx_hal_msp.c **** /* USER CODE BEGIN Header */
   2:Src/stm32f1xx_hal_msp.c **** /**
   3:Src/stm32f1xx_hal_msp.c ****   ******************************************************************************
   4:Src/stm32f1xx_hal_msp.c ****   * File Name          : stm32f1xx_hal_msp.c
   5:Src/stm32f1xx_hal_msp.c ****   * Description        : This file provides code for the MSP Initialization 
   6:Src/stm32f1xx_hal_msp.c ****   *                      and de-Initialization codes.
   7:Src/stm32f1xx_hal_msp.c ****   ******************************************************************************
   8:Src/stm32f1xx_hal_msp.c ****   * @attention
   9:Src/stm32f1xx_hal_msp.c ****   *
  10:Src/stm32f1xx_hal_msp.c ****   * <h2><center>&copy; Copyright (c) 2020 STMicroelectronics.
  11:Src/stm32f1xx_hal_msp.c ****   * All rights reserved.</center></h2>
  12:Src/stm32f1xx_hal_msp.c ****   *
  13:Src/stm32f1xx_hal_msp.c ****   * This software component is licensed by ST under BSD 3-Clause license,
  14:Src/stm32f1xx_hal_msp.c ****   * the "License"; You may not use this file except in compliance with the
  15:Src/stm32f1xx_hal_msp.c ****   * License. You may obtain a copy of the License at:
  16:Src/stm32f1xx_hal_msp.c ****   *                        opensource.org/licenses/BSD-3-Clause
  17:Src/stm32f1xx_hal_msp.c ****   *
  18:Src/stm32f1xx_hal_msp.c ****   ******************************************************************************
  19:Src/stm32f1xx_hal_msp.c ****   */
  20:Src/stm32f1xx_hal_msp.c **** /* USER CODE END Header */
  21:Src/stm32f1xx_hal_msp.c **** 
  22:Src/stm32f1xx_hal_msp.c **** /* Includes ------------------------------------------------------------------*/
  23:Src/stm32f1xx_hal_msp.c **** #include "main.h"
  24:Src/stm32f1xx_hal_msp.c **** /* USER CODE BEGIN Includes */
  25:Src/stm32f1xx_hal_msp.c **** 
  26:Src/stm32f1xx_hal_msp.c **** /* USER CODE END Includes */
  27:Src/stm32f1xx_hal_msp.c **** 
  28:Src/stm32f1xx_hal_msp.c **** /* Private typedef -----------------------------------------------------------*/
  29:Src/stm32f1xx_hal_msp.c **** /* USER CODE BEGIN TD */
  30:Src/stm32f1xx_hal_msp.c **** 
  31:Src/stm32f1xx_hal_msp.c **** /* USER CODE END TD */
  32:Src/stm32f1xx_hal_msp.c **** 
ARM GAS  /tmp/ccCeru6d.s 			page 2


  33:Src/stm32f1xx_hal_msp.c **** /* Private define ------------------------------------------------------------*/
  34:Src/stm32f1xx_hal_msp.c **** /* USER CODE BEGIN Define */
  35:Src/stm32f1xx_hal_msp.c ****  
  36:Src/stm32f1xx_hal_msp.c **** /* USER CODE END Define */
  37:Src/stm32f1xx_hal_msp.c **** 
  38:Src/stm32f1xx_hal_msp.c **** /* Private macro -------------------------------------------------------------*/
  39:Src/stm32f1xx_hal_msp.c **** /* USER CODE BEGIN Macro */
  40:Src/stm32f1xx_hal_msp.c **** 
  41:Src/stm32f1xx_hal_msp.c **** /* USER CODE END Macro */
  42:Src/stm32f1xx_hal_msp.c **** 
  43:Src/stm32f1xx_hal_msp.c **** /* Private variables ---------------------------------------------------------*/
  44:Src/stm32f1xx_hal_msp.c **** /* USER CODE BEGIN PV */
  45:Src/stm32f1xx_hal_msp.c **** 
  46:Src/stm32f1xx_hal_msp.c **** /* USER CODE END PV */
  47:Src/stm32f1xx_hal_msp.c **** 
  48:Src/stm32f1xx_hal_msp.c **** /* Private function prototypes -----------------------------------------------*/
  49:Src/stm32f1xx_hal_msp.c **** /* USER CODE BEGIN PFP */
  50:Src/stm32f1xx_hal_msp.c **** 
  51:Src/stm32f1xx_hal_msp.c **** /* USER CODE END PFP */
  52:Src/stm32f1xx_hal_msp.c **** 
  53:Src/stm32f1xx_hal_msp.c **** /* External functions --------------------------------------------------------*/
  54:Src/stm32f1xx_hal_msp.c **** /* USER CODE BEGIN ExternalFunctions */
  55:Src/stm32f1xx_hal_msp.c **** 
  56:Src/stm32f1xx_hal_msp.c **** /* USER CODE END ExternalFunctions */
  57:Src/stm32f1xx_hal_msp.c **** 
  58:Src/stm32f1xx_hal_msp.c **** /* USER CODE BEGIN 0 */
  59:Src/stm32f1xx_hal_msp.c **** 
  60:Src/stm32f1xx_hal_msp.c **** /* USER CODE END 0 */
  61:Src/stm32f1xx_hal_msp.c **** /**
  62:Src/stm32f1xx_hal_msp.c ****   * Initializes the Global MSP.
  63:Src/stm32f1xx_hal_msp.c ****   */
  64:Src/stm32f1xx_hal_msp.c **** void HAL_MspInit(void)
  65:Src/stm32f1xx_hal_msp.c **** {
  27              		.loc 1 65 0
  28              		.cfi_startproc
  29              		@ args = 0, pretend = 0, frame = 8
  30              		@ frame_needed = 0, uses_anonymous_args = 0
  31              		@ link register save eliminated.
  32 0000 82B0     		sub	sp, sp, #8
  33              	.LCFI0:
  34              		.cfi_def_cfa_offset 8
  35              	.LBB2:
  66:Src/stm32f1xx_hal_msp.c ****   /* USER CODE BEGIN MspInit 0 */
  67:Src/stm32f1xx_hal_msp.c **** 
  68:Src/stm32f1xx_hal_msp.c ****   /* USER CODE END MspInit 0 */
  69:Src/stm32f1xx_hal_msp.c **** 
  70:Src/stm32f1xx_hal_msp.c ****   __HAL_RCC_AFIO_CLK_ENABLE();
  36              		.loc 1 70 0
  37 0002 0E4B     		ldr	r3, .L3
  38 0004 9A69     		ldr	r2, [r3, #24]
  39 0006 42F00102 		orr	r2, r2, #1
  40 000a 9A61     		str	r2, [r3, #24]
  41 000c 9A69     		ldr	r2, [r3, #24]
  42 000e 02F00102 		and	r2, r2, #1
  43 0012 0092     		str	r2, [sp]
  44 0014 009A     		ldr	r2, [sp]
  45              	.LBE2:
ARM GAS  /tmp/ccCeru6d.s 			page 3


  46              	.LBB3:
  71:Src/stm32f1xx_hal_msp.c ****   __HAL_RCC_PWR_CLK_ENABLE();
  47              		.loc 1 71 0
  48 0016 DA69     		ldr	r2, [r3, #28]
  49 0018 42F08052 		orr	r2, r2, #268435456
  50 001c DA61     		str	r2, [r3, #28]
  51 001e DB69     		ldr	r3, [r3, #28]
  52 0020 03F08053 		and	r3, r3, #268435456
  53 0024 0193     		str	r3, [sp, #4]
  54 0026 019B     		ldr	r3, [sp, #4]
  55              	.LBE3:
  56              	.LBB4:
  72:Src/stm32f1xx_hal_msp.c **** 
  73:Src/stm32f1xx_hal_msp.c ****   /* System interrupt init*/
  74:Src/stm32f1xx_hal_msp.c **** 
  75:Src/stm32f1xx_hal_msp.c ****   /** NOJTAG: JTAG-DP Disabled and SW-DP Enabled 
  76:Src/stm32f1xx_hal_msp.c ****   */
  77:Src/stm32f1xx_hal_msp.c ****   __HAL_AFIO_REMAP_SWJ_NOJTAG();
  57              		.loc 1 77 0
  58 0028 054A     		ldr	r2, .L3+4
  59 002a 5368     		ldr	r3, [r2, #4]
  60              	.LVL0:
  61 002c 23F0E063 		bic	r3, r3, #117440512
  62              	.LVL1:
  63 0030 43F00073 		orr	r3, r3, #33554432
  64              	.LVL2:
  65 0034 5360     		str	r3, [r2, #4]
  66              	.LBE4:
  78:Src/stm32f1xx_hal_msp.c **** 
  79:Src/stm32f1xx_hal_msp.c ****   /* USER CODE BEGIN MspInit 1 */
  80:Src/stm32f1xx_hal_msp.c **** 
  81:Src/stm32f1xx_hal_msp.c ****   /* USER CODE END MspInit 1 */
  82:Src/stm32f1xx_hal_msp.c **** }
  67              		.loc 1 82 0
  68 0036 02B0     		add	sp, sp, #8
  69              	.LCFI1:
  70              		.cfi_def_cfa_offset 0
  71              		@ sp needed
  72 0038 7047     		bx	lr
  73              	.L4:
  74 003a 00BF     		.align	2
  75              	.L3:
  76 003c 00100240 		.word	1073876992
  77 0040 00000140 		.word	1073807360
  78              		.cfi_endproc
  79              	.LFE65:
  81              		.text
  82              	.Letext0:
  83              		.file 2 "/usr/include/newlib/machine/_default_types.h"
  84              		.file 3 "/usr/include/newlib/sys/_stdint.h"
  85              		.file 4 "Drivers/CMSIS/Device/ST/STM32F1xx/Include/stm32f103xb.h"
  86              		.file 5 "Drivers/CMSIS/Include/core_cm3.h"
ARM GAS  /tmp/ccCeru6d.s 			page 4


DEFINED SYMBOLS
                            *ABS*:0000000000000000 stm32f1xx_hal_msp.c
     /tmp/ccCeru6d.s:19     .text.HAL_MspInit:0000000000000000 $t
     /tmp/ccCeru6d.s:24     .text.HAL_MspInit:0000000000000000 HAL_MspInit
     /tmp/ccCeru6d.s:76     .text.HAL_MspInit:000000000000003c $d
                     .debug_frame:0000000000000010 $d

NO UNDEFINED SYMBOLS
